smaller: {
  min: 553257284780264,
  max: 558329119300938,
} larger: {
  min: 553257284780264,
  max: 561597801015087,
}
merged: {
  min: 553257284780264,
  max: 561597801015087,
}
smaller: {
  min: 548358695675736,
  max: 551879599099016,
} larger: {
  min: 553257284780264,
  max: 561597801015087,
}
smaller: {
  min: 543808234719731,
  max: 551879599099016,
} larger: {
  min: 548358695675736,
  max: 551879599099016,
}
merged: {
  min: 543808234719731,
  max: 551879599099016,
}
smaller: {
  min: 536860740011342,
  max: 540550222656573,
} larger: {
  min: 543808234719731,
  max: 551879599099016,
}
smaller: {
  min: 526842281664852,
  max: 531017740433478,
} larger: {
  min: 536860740011342,
  max: 540550222656573,
}
smaller: {
  min: 526842281664852,
  max: 526842281664852,
} larger: {
  min: 526842281664852,
  max: 531017740433478,
}
merged: {
  min: 526842281664852,
  max: 531017740433478,
}
smaller: {
  min: 522047578487169,
  max: 522047578487169,
} larger: {
  min: 526842281664852,
  max: 531017740433478,
}
smaller: {
  min: 514888881586172,
  max: 522047578487168,
} larger: {
  min: 522047578487169,
  max: 522047578487169,
}
smaller: {
  min: 511833093206908,
  max: 512140028578734,
} larger: {
  min: 514888881586172,
  max: 522047578487168,
}
smaller: {
  min: 510712334036647,
  max: 511088667143489,
} larger: {
  min: 511833093206908,
  max: 512140028578734,
}
smaller: {
  min: 510363725616745,
  max: 510470418637247,
} larger: {
  min: 510712334036647,
  max: 511088667143489,
}
smaller: {
  min: 509847091213598,
  max: 510470418637247,
} larger: {
  min: 510363725616745,
  max: 510470418637247,
}
merged: {
  min: 509847091213598,
  max: 510470418637247,
}
smaller: {
  min: 509062241545301,
  max: 509847091213598,
} larger: {
  min: 509847091213598,
  max: 510470418637247,
}
merged: {
  min: 509062241545301,
  max: 510470418637247,
}
smaller: {
  min: 509292857159618,
  max: 509847091213598,
} larger: {
  min: 509062241545301,
  max: 510470418637247,
}
merged: {
  min: 509062241545301,
  max: 510470418637247,
}
smaller: {
  min: 508743403972058,
  max: 509577728047001,
} larger: {
  min: 509062241545301,
  max: 510470418637247,
}
merged: {
  min: 508743403972058,
  max: 510470418637247,
}
smaller: {
  min: 507014677466817,
  max: 507577609524868,
} larger: {
  min: 508743403972058,
  max: 510470418637247,
}
smaller: {
  min: 506337433624558,
  max: 507014677466817,
} larger: {
  min: 507014677466817,
  max: 507577609524868,
}
merged: {
  min: 506337433624558,
  max: 507577609524868,
}
smaller: {
  min: 506488079409043,
  max: 506850981640846,
} larger: {
  min: 506337433624558,
  max: 507577609524868,
}
merged: {
  min: 506337433624558,
  max: 507577609524868,
}
smaller: {
  min: 504347735650773,
  max: 504718853689927,
} larger: {
  min: 506337433624558,
  max: 507577609524868,
}
smaller: {
  min: 503187432771806,
  max: 504047945087635,
} larger: {
  min: 504347735650773,
  max: 504718853689927,
}
smaller: {
  min: 503187432771806,
  max: 503744652602074,
} larger: {
  min: 503187432771806,
  max: 504047945087635,
}
merged: {
  min: 503187432771806,
  max: 504047945087635,
}
smaller: {
  min: 502772958852307,
  max: 503187432771806,
} larger: {
  min: 503187432771806,
  max: 504047945087635,
}
merged: {
  min: 502772958852307,
  max: 504047945087635,
}
smaller: {
  min: 502772958852307,
  max: 503187432771806,
} larger: {
  min: 502772958852307,
  max: 504047945087635,
}
merged: {
  min: 502772958852307,
  max: 504047945087635,
}
smaller: {
  min: 494450066510701,
  max: 498192385693091,
} larger: {
  min: 502772958852307,
  max: 504047945087635,
}
smaller: {
  min: 494450066510701,
  max: 498192385693091,
} larger: {
  min: 494450066510701,
  max: 498192385693091,
}
merged: {
  min: 494450066510701,
  max: 498192385693091,
}
smaller: {
  min: 484533916970816,
  max: 490492200091905,
} larger: {
  min: 494450066510701,
  max: 498192385693091,
}
smaller: {
  min: 486391866378394,
  max: 488097411654907,
} larger: {
  min: 484533916970816,
  max: 490492200091905,
}
merged: {
  min: 484533916970816,
  max: 490492200091905,
}
smaller: {
  min: 480641052790123,
  max: 482172109386328,
} larger: {
  min: 484533916970816,
  max: 490492200091905,
}
smaller: {
  min: 479387003643678,
  max: 481197478542901,
} larger: {
  min: 480641052790123,
  max: 482172109386328,
}
merged: {
  min: 479387003643678,
  max: 482172109386328,
}
smaller: {
  min: 478425798600672,
  max: 480092356371002,
} larger: {
  min: 479387003643678,
  max: 482172109386328,
}
merged: {
  min: 478425798600672,
  max: 482172109386328,
}
smaller: {
  min: 477129275514807,
  max: 478992362634990,
} larger: {
  min: 478425798600672,
  max: 482172109386328,
}
merged: {
  min: 477129275514807,
  max: 482172109386328,
}
smaller: {
  min: 475905964034857,
  max: 477582385320626,
} larger: {
  min: 477129275514807,
  max: 482172109386328,
}
merged: {
  min: 475905964034857,
  max: 482172109386328,
}
smaller: {
  min: 474866735023015,
  max: 476470892846170,
} larger: {
  min: 475905964034857,
  max: 482172109386328,
}
merged: {
  min: 474866735023015,
  max: 482172109386328,
}
smaller: {
  min: 473700821070104,
  max: 475523936767185,
} larger: {
  min: 474866735023015,
  max: 482172109386328,
}
merged: {
  min: 473700821070104,
  max: 482172109386328,
}
smaller: {
  min: 472848531251287,
  max: 474432506561118,
} larger: {
  min: 473700821070104,
  max: 482172109386328,
}
merged: {
  min: 472848531251287,
  max: 482172109386328,
}
smaller: {
  min: 468283094457455,
  max: 469703701325998,
} larger: {
  min: 472848531251287,
  max: 482172109386328,
}
smaller: {
  min: 463473120266464,
  max: 468283094457453,
} larger: {
  min: 468283094457455,
  max: 469703701325998,
}
smaller: {
  min: 456795284641853,
  max: 460591761056785,
} larger: {
  min: 463473120266464,
  max: 468283094457453,
}
smaller: {
  min: 453150798871390,
  max: 456795284641852,
} larger: {
  min: 456795284641853,
  max: 460591761056785,
}
smaller: {
  min: 444094685580950,
  max: 450264786873117,
} larger: {
  min: 453150798871390,
  max: 456795284641852,
}
smaller: {
  min: 444094685580949,
  max: 444094685580949,
} larger: {
  min: 444094685580950,
  max: 450264786873117,
}
smaller: {
  min: 435126109763559,
  max: 441248634458376,
} larger: {
  min: 444094685580949,
  max: 444094685580949,
}
smaller: {
  min: 432974718241783,
  max: 438409855659257,
} larger: {
  min: 435126109763559,
  max: 441248634458376,
}
merged: {
  min: 432974718241783,
  max: 441248634458376,
}
smaller: {
  min: 428944289918982,
  max: 428944289918982,
} larger: {
  min: 432974718241783,
  max: 441248634458376,
}
smaller: {
  min: 423748750132437,
  max: 428944289918982,
} larger: {
  min: 428944289918982,
  max: 428944289918982,
}
merged: {
  min: 423748750132437,
  max: 428944289918982,
}
smaller: {
  min: 415837882507207,
  max: 417892382404910,
} larger: {
  min: 423748750132437,
  max: 428944289918982,
}
smaller: {
  min: 415837882507207,
  max: 415837882507207,
} larger: {
  min: 415837882507207,
  max: 417892382404910,
}
merged: {
  min: 415837882507207,
  max: 417892382404910,
}
smaller: {
  min: 409739168331678,
  max: 411638071344458,
} larger: {
  min: 415837882507207,
  max: 417892382404910,
}
smaller: {
  min: 408885050468615,
  max: 410539495761479,
} larger: {
  min: 409739168331678,
  max: 411638071344458,
}
merged: {
  min: 408885050468615,
  max: 411638071344458,
}
smaller: {
  min: 407489351926926,
  max: 409136596727249,
} larger: {
  min: 408885050468615,
  max: 411638071344458,
}
merged: {
  min: 407489351926926,
  max: 411638071344458,
}
smaller: {
  min: 406114160353047,
  max: 408180688735027,
} larger: {
  min: 407489351926926,
  max: 411638071344458,
}
merged: {
  min: 406114160353047,
  max: 411638071344458,
}
smaller: {
  min: 404993844400723,
  max: 407064567330556,
} larger: {
  min: 406114160353047,
  max: 411638071344458,
}
merged: {
  min: 404993844400723,
  max: 411638071344458,
}
smaller: {
  min: 403875389659648,
  max: 405648612057666,
} larger: {
  min: 404993844400723,
  max: 411638071344458,
}
merged: {
  min: 403875389659648,
  max: 411638071344458,
}
smaller: {
  min: 402328697595602,
  max: 404368405179883,
} larger: {
  min: 403875389659648,
  max: 411638071344458,
}
merged: {
  min: 402328697595602,
  max: 411638071344458,
}
smaller: {
  min: 392837526773318,
  max: 401598334871278,
} larger: {
  min: 402328697595602,
  max: 411638071344458,
}
smaller: {
  min: 396483746129268,
  max: 398435409850698,
} larger: {
  min: 392837526773318,
  max: 401598334871278,
}
merged: {
  min: 392837526773318,
  max: 401598334871278,
}
smaller: {
  min: 385960260830841,
  max: 390050562321800,
} larger: {
  min: 392837526773318,
  max: 401598334871278,
}
smaller: {
  min: 385960260830840,
  max: 385960260830840,
} larger: {
  min: 385960260830841,
  max: 390050562321800,
}
smaller: {
  min: 381401091136808,
  max: 381619156273806,
} larger: {
  min: 385960260830840,
  max: 385960260830840,
}
smaller: {
  min: 380339314737531,
  max: 380575951935486,
} larger: {
  min: 381401091136808,
  max: 381619156273806,
}
smaller: {
  min: 379793624112050,
  max: 380575951935486,
} larger: {
  min: 380339314737531,
  max: 380575951935486,
}
merged: {
  min: 379793624112050,
  max: 380575951935486,
}
smaller: {
  min: 379434785857707,
  max: 380199462038207,
} larger: {
  min: 379793624112050,
  max: 380575951935486,
}
merged: {
  min: 379434785857707,
  max: 380575951935486,
}
smaller: {
  min: 379793624112050,
  max: 380199462038207,
} larger: {
  min: 379434785857707,
  max: 380575951935486,
}
merged: {
  min: 379434785857707,
  max: 380575951935486,
}
smaller: {
  min: 378315776087448,
  max: 378796654651197,
} larger: {
  min: 379434785857707,
  max: 380575951935486,
}
smaller: {
  min: 378315776087448,
  max: 378659833221085,
} larger: {
  min: 378315776087448,
  max: 378796654651197,
}
merged: {
  min: 378315776087448,
  max: 378796654651197,
}
smaller: {
  min: 377770021010426,
  max: 378315776087448,
} larger: {
  min: 378315776087448,
  max: 378796654651197,
}
merged: {
  min: 377770021010426,
  max: 378796654651197,
}
smaller: {
  min: 377770021010426,
  max: 378034268280814,
} larger: {
  min: 377770021010426,
  max: 378796654651197,
}
merged: {
  min: 377770021010426,
  max: 378796654651197,
}
smaller: {
  min: 377085883505177,
  max: 377586593672600,
} larger: {
  min: 377770021010426,
  max: 378796654651197,
}
smaller: {
  min: 376534315262621,
  max: 377411515098475,
} larger: {
  min: 377085883505177,
  max: 377586593672600,
}
merged: {
  min: 376534315262621,
  max: 377586593672600,
}
smaller: {
  min: 376812091526666,
  max: 377411515098475,
} larger: {
  min: 376534315262621,
  max: 377586593672600,
}
merged: {
  min: 376534315262621,
  max: 377586593672600,
}
smaller: {
  min: 377085883505177,
  max: 377411515098475,
} larger: {
  min: 376534315262621,
  max: 377586593672600,
}
merged: {
  min: 376534315262621,
  max: 377586593672600,
}
smaller: {
  min: 375819323667708,
  max: 376258116861038,
} larger: {
  min: 376534315262621,
  max: 377586593672600,
}
smaller: {
  min: 374542723441533,
  max: 375112091822392,
} larger: {
  min: 375819323667708,
  max: 376258116861038,
}
smaller: {
  min: 373320430983949,
  max: 374119463563198,
} larger: {
  min: 374542723441533,
  max: 375112091822392,
}
smaller: {
  min: 373320430983949,
  max: 374119463563198,
} larger: {
  min: 373320430983949,
  max: 374119463563198,
}
merged: {
  min: 373320430983949,
  max: 374119463563198,
}
smaller: {
  min: 372005305858976,
  max: 372810318417304,
} larger: {
  min: 373320430983949,
  max: 374119463563198,
}
smaller: {
  min: 367016147740203,
  max: 369984092206838,
} larger: {
  min: 372005305858976,
  max: 372810318417304,
}
smaller: {
  min: 362564871337196,
  max: 369984092206838,
} larger: {
  min: 367016147740203,
  max: 369984092206838,
}
merged: {
  min: 362564871337196,
  max: 369984092206838,
}
smaller: {
  min: 352886806461360,
  max: 358343414221085,
} larger: {
  min: 362564871337196,
  max: 369984092206838,
}
smaller: {
  min: 358343414221085,
  max: 358343414221085,
} larger: {
  min: 352886806461360,
  max: 358343414221085,
}
merged: {
  min: 352886806461360,
  max: 358343414221085,
}
smaller: {
  min: 348111299303953,
  max: 350165895897005,
} larger: {
  min: 352886806461360,
  max: 358343414221085,
}
smaller: {
  min: 344251920979258,
  max: 348111299303952,
} larger: {
  min: 348111299303953,
  max: 350165895897005,
}
smaller: {
  min: 337713952280569,
  max: 339641433201680,
} larger: {
  min: 344251920979258,
  max: 348111299303952,
}
smaller: {
  min: 333579866098037,
  max: 337713952280567,
} larger: {
  min: 337713952280569,
  max: 339641433201680,
}
smaller: {
  min: 325509633685329,
  max: 330357309860867,
} larger: {
  min: 333579866098037,
  max: 337713952280567,
}
smaller: {
  min: 322019116060409,
  max: 328534245922140,
} larger: {
  min: 325509633685329,
  max: 330357309860867,
}
merged: {
  min: 322019116060409,
  max: 330357309860867,
}
smaller: {
  min: 313807522958730,
  max: 321036568524856,
} larger: {
  min: 322019116060409,
  max: 330357309860867,
}
smaller: {
  min: 313807522958730,
  max: 321036568524856,
} larger: {
  min: 313807522958730,
  max: 321036568524856,
}
merged: {
  min: 313807522958730,
  max: 321036568524856,
}
smaller: {
  min: 310645049407599,
  max: 310645049407599,
} larger: {
  min: 313807522958730,
  max: 321036568524856,
}
smaller: {
  min: 303059139415042,
  max: 310645049407598,
} larger: {
  min: 310645049407599,
  max: 310645049407599,
}
smaller: {
  min: 294270245917949,
  max: 300241350744030,
} larger: {
  min: 303059139415042,
  max: 310645049407598,
}
smaller: {
  min: 294270245917949,
  max: 297269283127016,
} larger: {
  min: 294270245917949,
  max: 300241350744030,
}
merged: {
  min: 294270245917949,
  max: 300241350744030,
}
smaller: {
  min: 283049324534848,
  max: 288324541570488,
} larger: {
  min: 294270245917949,
  max: 300241350744030,
}
smaller: {
  min: 277947483176888,
  max: 277947483176888,
} larger: {
  min: 283049324534848,
  max: 288324541570488,
}
smaller: {
  min: 275181436548493,
  max: 277947483176888,
} larger: {
  min: 277947483176888,
  max: 277947483176888,
}
merged: {
  min: 275181436548493,
  max: 277947483176888,
}
smaller: {
  min: 263648745770307,
  max: 268043024098498,
} larger: {
  min: 275181436548493,
  max: 277947483176888,
}
smaller: {
  min: 258340103822037,
  max: 260744821848415,
} larger: {
  min: 263648745770307,
  max: 268043024098498,
}
smaller: {
  min: 257023524720362,
  max: 259558087599216,
} larger: {
  min: 258340103822037,
  max: 260744821848415,
}
merged: {
  min: 257023524720362,
  max: 260744821848415,
}
smaller: {
  min: 254830234303106,
  max: 257685371996874,
} larger: {
  min: 257023524720362,
  max: 260744821848415,
}
merged: {
  min: 254830234303106,
  max: 260744821848415,
}
smaller: {
  min: 253214080417137,
  max: 255656168515865,
} larger: {
  min: 254830234303106,
  max: 260744821848415,
}
merged: {
  min: 253214080417137,
  max: 260744821848415,
}
smaller: {
  min: 251561510682286,
  max: 254452565070247,
} larger: {
  min: 253214080417137,
  max: 260744821848415,
}
merged: {
  min: 251561510682286,
  max: 260744821848415,
}
smaller: {
  min: 242497191325949,
  max: 247717040263977,
} larger: {
  min: 251561510682286,
  max: 260744821848415,
}
smaller: {
  min: 242497191325948,
  max: 242497191325948,
} larger: {
  min: 242497191325949,
  max: 247717040263977,
}
smaller: {
  min: 232890287812183,
  max: 240518862283316,
} larger: {
  min: 242497191325948,
  max: 242497191325948,
}
smaller: {
  min: 232890287812183,
  max: 235537781392470,
} larger: {
  min: 232890287812183,
  max: 240518862283316,
}
merged: {
  min: 232890287812183,
  max: 240518862283316,
}
smaller: {
  min: 224564177147340,
  max: 230267414203533,
} larger: {
  min: 232890287812183,
  max: 240518862283316,
}
smaller: {
  min: 224564177147340,
  max: 224564177147340,
} larger: {
  min: 224564177147340,
  max: 230267414203533,
}
merged: {
  min: 224564177147340,
  max: 230267414203533,
}
smaller: {
  min: 215632063697273,
  max: 218300354525355,
} larger: {
  min: 224564177147340,
  max: 230267414203533,
}
smaller: {
  min: 214077354693455,
  max: 218300354525355,
} larger: {
  min: 215632063697273,
  max: 218300354525355,
}
merged: {
  min: 214077354693455,
  max: 218300354525355,
}
smaller: {
  min: 201619068465433,
  max: 210432685194375,
} larger: {
  min: 214077354693455,
  max: 218300354525355,
}
smaller: {
  min: 205533915657020,
  max: 206925443208141,
} larger: {
  min: 201619068465433,
  max: 210432685194375,
}
merged: {
  min: 201619068465433,
  max: 210432685194375,
}
smaller: {
  min: 198734021978702,
  max: 198734021978702,
} larger: {
  min: 201619068465433,
  max: 210432685194375,
}
smaller: {
  min: 192526997137579,
  max: 198734021978701,
} larger: {
  min: 198734021978702,
  max: 198734021978702,
}
smaller: {
  min: 184687160999021,
  max: 188544578144220,
} larger: {
  min: 192526997137579,
  max: 198734021978701,
}
smaller: {
  min: 182270423081289,
  max: 184687160999020,
} larger: {
  min: 184687160999021,
  max: 188544578144220,
}
smaller: {
  min: 174397964087958,
  max: 178805340569891,
} larger: {
  min: 182270423081289,
  max: 184687160999020,
}
smaller: {
  min: 171700926013341,
  max: 176940722190152,
} larger: {
  min: 174397964087958,
  max: 178805340569891,
}
merged: {
  min: 171700926013341,
  max: 178805340569891,
}
smaller: {
  min: 170187498282307,
  max: 170497327253346,
} larger: {
  min: 171700926013341,
  max: 178805340569891,
}
smaller: {
  min: 170187498282307,
  max: 170497327253346,
} larger: {
  min: 170187498282307,
  max: 170497327253346,
}
merged: {
  min: 170187498282307,
  max: 170497327253346,
}
smaller: {
  min: 170187498282307,
  max: 170497327253346,
} larger: {
  min: 170187498282307,
  max: 170497327253346,
}
merged: {
  min: 170187498282307,
  max: 170497327253346,
}
smaller: {
  min: 168741988942276,
  max: 169414479775270,
} larger: {
  min: 170187498282307,
  max: 170497327253346,
}
smaller: {
  min: 168422850957874,
  max: 169310984644171,
} larger: {
  min: 168741988942276,
  max: 169414479775270,
}
merged: {
  min: 168422850957874,
  max: 169414479775270,
}
smaller: {
  min: 168161437500148,
  max: 168422850957874,
} larger: {
  min: 168422850957874,
  max: 169414479775270,
}
merged: {
  min: 168161437500148,
  max: 169414479775270,
}
smaller: {
  min: 166979233746096,
  max: 167578065989335,
} larger: {
  min: 168161437500148,
  max: 169414479775270,
}
smaller: {
  min: 166652278386204,
  max: 167578065989335,
} larger: {
  min: 166979233746096,
  max: 167578065989335,
}
merged: {
  min: 166652278386204,
  max: 167578065989335,
}
smaller: {
  min: 166556969313016,
  max: 167219895587143,
} larger: {
  min: 166652278386204,
  max: 167578065989335,
}
merged: {
  min: 166556969313016,
  max: 167578065989335,
}
smaller: {
  min: 166556969313016,
  max: 167219895587143,
} larger: {
  min: 166556969313016,
  max: 167578065989335,
}
merged: {
  min: 166556969313016,
  max: 167578065989335,
}
smaller: {
  min: 164401353213623,
  max: 164814691375711,
} larger: {
  min: 166556969313016,
  max: 167578065989335,
}
smaller: {
  min: 163526538425549,
  max: 163773971995297,
} larger: {
  min: 164401353213623,
  max: 164814691375711,
}
smaller: {
  min: 161751018223278,
  max: 162416318511877,
} larger: {
  min: 163526538425549,
  max: 163773971995297,
}
smaller: {
  min: 161997126715579,
  max: 162416318511877,
} larger: {
  min: 161751018223278,
  max: 162416318511877,
}
merged: {
  min: 161751018223278,
  max: 162416318511877,
}
smaller: {
  min: 161171210718783,
  max: 161751018223278,
} larger: {
  min: 161751018223278,
  max: 162416318511877,
}
merged: {
  min: 161171210718783,
  max: 162416318511877,
}
smaller: {
  min: 152917023062298,
  max: 157447011231423,
} larger: {
  min: 161171210718783,
  max: 162416318511877,
}
smaller: {
  min: 152917023062298,
  max: 157447011231423,
} larger: {
  min: 152917023062298,
  max: 157447011231423,
}
merged: {
  min: 152917023062298,
  max: 157447011231423,
}
smaller: {
  min: 144914998434170,
  max: 149365499791803,
} larger: {
  min: 152917023062298,
  max: 157447011231423,
}
smaller: {
  min: 141648435367857,
  max: 144914998434168,
} larger: {
  min: 144914998434170,
  max: 149365499791803,
}
smaller: {
  min: 134144754210334,
  max: 138170129140434,
} larger: {
  min: 141648435367857,
  max: 144914998434168,
}
smaller: {
  min: 138170129140434,
  max: 138170129140434,
} larger: {
  min: 134144754210334,
  max: 138170129140434,
}
merged: {
  min: 134144754210334,
  max: 138170129140434,
}
smaller: {
  min: 121416909236810,
  max: 129113196898384,
} larger: {
  min: 134144754210334,
  max: 138170129140434,
}
smaller: {
  min: 121416909236809,
  max: 121416909236809,
} larger: {
  min: 121416909236810,
  max: 129113196898384,
}
smaller: {
  min: 119052990541245,
  max: 120280969734972,
} larger: {
  min: 121416909236809,
  max: 121416909236809,
}
smaller: {
  min: 118158125349266,
  max: 119342148057794,
} larger: {
  min: 119052990541245,
  max: 120280969734972,
}
merged: {
  min: 118158125349266,
  max: 120280969734972,
}
smaller: {
  min: 117107791173109,
  max: 118733264642278,
} larger: {
  min: 118158125349266,
  max: 120280969734972,
}
merged: {
  min: 117107791173109,
  max: 120280969734972,
}
smaller: {
  min: 116206507913732,
  max: 117801851721678,
} larger: {
  min: 117107791173109,
  max: 120280969734972,
}
merged: {
  min: 116206507913732,
  max: 120280969734972,
}
smaller: {
  min: 115531735816576,
  max: 116588933665838,
} larger: {
  min: 116206507913732,
  max: 120280969734972,
}
merged: {
  min: 115531735816576,
  max: 120280969734972,
}
smaller: {
  min: 114357475846755,
  max: 115766105072307,
} larger: {
  min: 115531735816576,
  max: 120280969734972,
}
merged: {
  min: 114357475846755,
  max: 120280969734972,
}
smaller: {
  min: 113435483159301,
  max: 115087665051445,
} larger: {
  min: 114357475846755,
  max: 120280969734972,
}
merged: {
  min: 113435483159301,
  max: 120280969734972,
}
smaller: {
  min: 112629404011737,
  max: 114061462125024,
} larger: {
  min: 113435483159301,
  max: 120280969734972,
}
merged: {
  min: 112629404011737,
  max: 120280969734972,
}
smaller: {
  min: 111721191685421,
  max: 113008858109332,
} larger: {
  min: 112629404011737,
  max: 120280969734972,
}
merged: {
  min: 111721191685421,
  max: 120280969734972,
}
smaller: {
  min: 110951711885739,
  max: 112328323306381,
} larger: {
  min: 111721191685421,
  max: 120280969734972,
}
merged: {
  min: 110951711885739,
  max: 120280969734972,
}
smaller: {
  min: 102525525356951,
  max: 108170485649545,
} larger: {
  min: 110951711885739,
  max: 120280969734972,
}
smaller: {
  min: 105089710343182,
  max: 108170485649545,
} larger: {
  min: 102525525356951,
  max: 108170485649545,
}
merged: {
  min: 102525525356951,
  max: 108170485649545,
}
smaller: {
  min: 92351643659055,
  max: 96246980779921,
} larger: {
  min: 102525525356951,
  max: 108170485649545,
}
smaller: {
  min: 92351643659055,
  max: 96246980779921,
} larger: {
  min: 92351643659055,
  max: 96246980779921,
}
merged: {
  min: 92351643659055,
  max: 96246980779921,
}
smaller: {
  min: 86701386796024,
  max: 87682738381597,
} larger: {
  min: 92351643659055,
  max: 96246980779921,
}
smaller: {
  min: 80930708960388,
  max: 86701386796022,
} larger: {
  min: 86701386796024,
  max: 87682738381597,
}
smaller: {
  min: 72771293387577,
  max: 77951102420232,
} larger: {
  min: 80930708960388,
  max: 86701386796022,
}
smaller: {
  min: 72771293387577,
  max: 74608184150004,
} larger: {
  min: 72771293387577,
  max: 77951102420232,
}
merged: {
  min: 72771293387577,
  max: 77951102420232,
}
smaller: {
  min: 64843827189947,
  max: 68194020297224,
} larger: {
  min: 72771293387577,
  max: 77951102420232,
}
smaller: {
  min: 61255685842787,
  max: 67499416855305,
} larger: {
  min: 64843827189947,
  max: 68194020297224,
}
merged: {
  min: 61255685842787,
  max: 68194020297224,
}
smaller: {
  min: 57829276278111,
  max: 57829276278111,
} larger: {
  min: 61255685842787,
  max: 68194020297224,
}
smaller: {
  min: 52347457634747,
  max: 57829276278110,
} larger: {
  min: 57829276278111,
  max: 57829276278111,
}
smaller: {
  min: 42434578175138,
  max: 48996960945783,
} larger: {
  min: 52347457634747,
  max: 57829276278110,
}
smaller: {
  min: 42434578175138,
  max: 42434578175138,
} larger: {
  min: 42434578175138,
  max: 48996960945783,
}
merged: {
  min: 42434578175138,
  max: 48996960945783,
}
smaller: {
  min: 38861291364299,
  max: 39405453096420,
} larger: {
  min: 42434578175138,
  max: 48996960945783,
}
smaller: {
  min: 38610745923671,
  max: 38861291364299,
} larger: {
  min: 38861291364299,
  max: 39405453096420,
}
merged: {
  min: 38610745923671,
  max: 39405453096420,
}
smaller: {
  min: 37510747372890,
  max: 37795211831895,
} larger: {
  min: 38610745923671,
  max: 39405453096420,
}
smaller: {
  min: 37510747372890,
  max: 37795211831895,
} larger: {
  min: 37510747372890,
  max: 37795211831895,
}
merged: {
  min: 37510747372890,
  max: 37795211831895,
}
smaller: {
  min: 37023231028737,
  max: 37251313412913,
} larger: {
  min: 37510747372890,
  max: 37795211831895,
}
smaller: {
  min: 35324849616798,
  max: 36032996048334,
} larger: {
  min: 37023231028737,
  max: 37251313412913,
}
smaller: {
  min: 35656386438453,
  max: 35774251725366,
} larger: {
  min: 35324849616798,
  max: 36032996048334,
}
merged: {
  min: 35324849616798,
  max: 36032996048334,
}
smaller: {
  min: 34857496454022,
  max: 35024318680330,
} larger: {
  min: 35324849616798,
  max: 36032996048334,
}
smaller: {
  min: 33123369283774,
  max: 33534431858294,
} larger: {
  min: 34857496454022,
  max: 35024318680330,
}
smaller: {
  min: 31266520206196,
  max: 31812829315448,
} larger: {
  min: 33123369283774,
  max: 33534431858294,
}
smaller: {
  min: 30806523226535,
  max: 31556303419488,
} larger: {
  min: 31266520206196,
  max: 31812829315448,
}
merged: {
  min: 30806523226535,
  max: 31812829315448,
}
smaller: {
  min: 23885840349310,
  max: 27544329546633,
} larger: {
  min: 30806523226535,
  max: 31812829315448,
}
smaller: {
  min: 16248915699092,
  max: 18853565551073,
} larger: {
  min: 23885840349310,
  max: 27544329546633,
}
smaller: {
  min: 10610054450932,
  max: 16248915699091,
} larger: {
  min: 16248915699092,
  max: 18853565551073,
}
smaller: {
  min: 2004292901156,
  max: 7914212503910,
} larger: {
  min: 10610054450932,
  max: 16248915699091,
}
smaller: {
  min: 3281982973714,
  max: 7037830700031,
} larger: {
  min: 2004292901156,
  max: 7914212503910,
}
merged: {
  min: 2004292901156,
  max: 7914212503910,
}
[
  {
    min: 2004292901156,
    max: 7914212503910,
  }, {
    min: 2004292901156,
    max: 7914212503910,
  }, {
    min: 10610054450932,
    max: 16248915699091,
  }, {
    min: 16248915699092,
    max: 18853565551073,
  }, {
    min: 23885840349310,
    max: 27544329546633,
  }, {
    min: 30806523226535,
    max: 31812829315448,
  }, {
    min: 31266520206196,
    max: 31812829315448,
  }, {
    min: 33123369283774,
    max: 33534431858294,
  }, {
    min: 34857496454022,
    max: 35024318680330,
  }, {
    min: 35324849616798,
    max: 36032996048334,
  }, {
    min: 35324849616798,
    max: 36032996048334,
  }, {
    min: 37023231028737,
    max: 37251313412913,
  }, {
    min: 37510747372890,
    max: 37795211831895,
  }, {
    min: 37510747372890,
    max: 37795211831895,
  }, {
    min: 38610745923671,
    max: 39405453096420,
  }, {
    min: 38861291364299,
    max: 39405453096420,
  }, {
    min: 42434578175138,
    max: 48996960945783,
  }, {
    min: 42434578175138,
    max: 48996960945783,
  }, {
    min: 52347457634747,
    max: 57829276278110,
  }, {
    min: 57829276278111,
    max: 57829276278111,
  }, {
    min: 61255685842787,
    max: 68194020297224,
  }, {
    min: 64843827189947,
    max: 68194020297224,
  }, {
    min: 72771293387577,
    max: 77951102420232,
  }, {
    min: 72771293387577,
    max: 77951102420232,
  }, {
    min: 80930708960388,
    max: 86701386796022,
  }, {
    min: 86701386796024,
    max: 87682738381597,
  }, {
    min: 92351643659055,
    max: 96246980779921,
  }, {
    min: 92351643659055,
    max: 96246980779921,
  }, {
    min: 102525525356951,
    max: 108170485649545,
  }, {
    min: 102525525356951,
    max: 108170485649545,
  }, {
    min: 110951711885739,
    max: 120280969734972,
  }, {
    min: 111721191685421,
    max: 120280969734972,
  }, {
    min: 112629404011737,
    max: 120280969734972,
  }, {
    min: 113435483159301,
    max: 120280969734972,
  }, {
    min: 114357475846755,
    max: 120280969734972,
  }, {
    min: 115531735816576,
    max: 120280969734972,
  }, {
    min: 116206507913732,
    max: 120280969734972,
  }, {
    min: 117107791173109,
    max: 120280969734972,
  }, {
    min: 118158125349266,
    max: 120280969734972,
  }, {
    min: 119052990541245,
    max: 120280969734972,
  }, {
    min: 121416909236809,
    max: 121416909236809,
  }, {
    min: 121416909236810,
    max: 129113196898384,
  }, {
    min: 134144754210334,
    max: 138170129140434,
  }, {
    min: 134144754210334,
    max: 138170129140434,
  }, {
    min: 141648435367857,
    max: 144914998434168,
  }, {
    min: 144914998434170,
    max: 149365499791803,
  }, {
    min: 152917023062298,
    max: 157447011231423,
  }, {
    min: 152917023062298,
    max: 157447011231423,
  }, {
    min: 161171210718783,
    max: 162416318511877,
  }, {
    min: 161751018223278,
    max: 162416318511877,
  }, {
    min: 161751018223278,
    max: 162416318511877,
  }, {
    min: 163526538425549,
    max: 163773971995297,
  }, {
    min: 164401353213623,
    max: 164814691375711,
  }, {
    min: 166556969313016,
    max: 167578065989335,
  }, {
    min: 166556969313016,
    max: 167578065989335,
  }, {
    min: 166652278386204,
    max: 167578065989335,
  }, {
    min: 166979233746096,
    max: 167578065989335,
  }, {
    min: 168161437500148,
    max: 169414479775270,
  }, {
    min: 168422850957874,
    max: 169414479775270,
  }, {
    min: 168741988942276,
    max: 169414479775270,
  }, {
    min: 170187498282307,
    max: 170497327253346,
  }, {
    min: 170187498282307,
    max: 170497327253346,
  }, {
    min: 170187498282307,
    max: 170497327253346,
  }, {
    min: 171700926013341,
    max: 178805340569891,
  }, {
    min: 174397964087958,
    max: 178805340569891,
  }, {
    min: 182270423081289,
    max: 184687160999020,
  }, {
    min: 184687160999021,
    max: 188544578144220,
  }, {
    min: 192526997137579,
    max: 198734021978701,
  }, {
    min: 198734021978702,
    max: 198734021978702,
  }, {
    min: 201619068465433,
    max: 210432685194375,
  }, {
    min: 201619068465433,
    max: 210432685194375,
  }, {
    min: 214077354693455,
    max: 218300354525355,
  }, {
    min: 215632063697273,
    max: 218300354525355,
  }, {
    min: 224564177147340,
    max: 230267414203533,
  }, {
    min: 224564177147340,
    max: 230267414203533,
  }, {
    min: 232890287812183,
    max: 240518862283316,
  }, {
    min: 232890287812183,
    max: 240518862283316,
  }, {
    min: 242497191325948,
    max: 242497191325948,
  }, {
    min: 242497191325949,
    max: 247717040263977,
  }, {
    min: 251561510682286,
    max: 260744821848415,
  }, {
    min: 253214080417137,
    max: 260744821848415,
  }, {
    min: 254830234303106,
    max: 260744821848415,
  }, {
    min: 257023524720362,
    max: 260744821848415,
  }, {
    min: 258340103822037,
    max: 260744821848415,
  }, {
    min: 263648745770307,
    max: 268043024098498,
  }, {
    min: 275181436548493,
    max: 277947483176888,
  }, {
    min: 277947483176888,
    max: 277947483176888,
  }, {
    min: 283049324534848,
    max: 288324541570488,
  }, {
    min: 294270245917949,
    max: 300241350744030,
  }, {
    min: 294270245917949,
    max: 300241350744030,
  }, {
    min: 303059139415042,
    max: 310645049407598,
  }, {
    min: 310645049407599,
    max: 310645049407599,
  }, {
    min: 313807522958730,
    max: 321036568524856,
  }, {
    min: 313807522958730,
    max: 321036568524856,
  }, {
    min: 322019116060409,
    max: 330357309860867,
  }
]
Part 2 (input.txt): 355232735942445
